# JRE version: Java(TM) SE Runtime Environment (17.0.12+8) (build 17.0.12+8-LTS-286)
# Java VM: Java HotSpot(TM) 64-Bit Server VM (17.0.12+8-LTS-286, mixed mode, sharing, tiered, compressed oops, compressed class ptrs, g1 gc, linux-amd64)
GC Precious Log:
 CPUs: 4 total, 4 available
 Memory: 7843M
 Large Page Support: Disabled
 NUMA Support: Disabled
 Compressed Oops: Enabled (32-bit)
 Heap Region Size: 1M
 Heap Min Capacity: 8M
 Heap Initial Capacity: 124M
 Heap Max Capacity: 1962M
 Pre-touch: Disabled
 Parallel Workers: 4
 Concurrent Workers: 1
 Concurrent Refinement Workers: 4
 Periodic GC: Disabled
Heap:
 garbage-first heap   total 129024K, used 39093K [0x0000000085600000, 0x0000000100000000)
  region size 1024K, 12 young (12288K), 2 survivors (2048K)
 Metaspace       used 21329K, committed 21504K, reserved 1114112K
  class space    used 2905K, committed 3008K, reserved 1048576K
GC Heap History (7 events):
Event: 1.026 GC heap before
{Heap before GC invocations=0 (full 0):
 garbage-first heap   total 129024K, used 17388K [0x0000000085600000, 0x0000000100000000)
  region size 1024K, 13 young (13312K), 0 survivors (0K)
 Metaspace       used 4661K, committed 4736K, reserved 1114112K
  class space    used 389K, committed 448K, reserved 1048576K
}
Event: 1.031 GC heap after
{Heap after GC invocations=1 (full 0):
 garbage-first heap   total 129024K, used 5846K [0x0000000085600000, 0x0000000100000000)
  region size 1024K, 2 young (2048K), 2 survivors (2048K)
 Metaspace       used 4661K, committed 4736K, reserved 1114112K
  class space    used 389K, committed 448K, reserved 1048576K
}
Event: 1.574 GC heap before
{Heap before GC invocations=1 (full 0):
 garbage-first heap   total 129024K, used 23254K [0x0000000085600000, 0x0000000100000000)
  region size 1024K, 19 young (19456K), 2 survivors (2048K)
 Metaspace       used 9368K, committed 9600K, reserved 1114112K
  class space    used 1015K, committed 1152K, reserved 1048576K
}
Event: 1.578 GC heap after
{Heap after GC invocations=2 (full 0):
 garbage-first heap   total 129024K, used 6774K [0x0000000085600000, 0x0000000100000000)
  region size 1024K, 1 young (1024K), 1 survivors (1024K)
 Metaspace       used 9368K, committed 9600K, reserved 1114112K
  class space    used 1015K, committed 1152K, reserved 1048576K
}
Event: 2.632 GC heap before
{Heap before GC invocations=2 (full 0):
 garbage-first heap   total 129024K, used 81526K [0x0000000085600000, 0x0000000100000000)
  region size 1024K, 74 young (75776K), 1 survivors (1024K)
 Metaspace       used 17872K, committed 18176K, reserved 1114112K
  class space    used 2035K, committed 2176K, reserved 1048576K
}
Event: 2.665 GC heap after
{Heap after GC invocations=3 (full 0):
 garbage-first heap   total 129024K, used 28853K [0x0000000085600000, 0x0000000100000000)
  region size 1024K, 10 young (10240K), 10 survivors (10240K)
 Metaspace       used 17872K, committed 18176K, reserved 1114112K
  class space    used 2035K, committed 2176K, reserved 1048576K
}
Event: 2.930 GC heap before
{Heap before GC invocations=3 (full 0):
 garbage-first heap   total 129024K, used 38069K [0x0000000085600000, 0x0000000100000000)
  region size 1024K, 20 young (20480K), 10 survivors (10240K)
 Metaspace       used 21329K, committed 21504K, reserved 1114112K
  class space    used 2905K, committed 3008K, reserved 1048576K
}

